Using pre-set license

 COMMAND LINE ARGUMENTS:
/Applications/Unity/Hub/Editor/2020.3.4f1c1/Unity.app/Contents/MacOS/Unity
-adb2
-batchMode
-noUpm
-name
AssetImportWorker0
-projectPath
/Users/chenzitong/Documents/GitHub/Game-Studio-Lab-Environment-Project-4/Game Enviroment Project4
-logFile
Logs/AssetImportWorker0.log
-srvPort
55026
Successfully changed project path to: /Users/chenzitong/Documents/GitHub/Game-Studio-Lab-Environment-Project-4/Game Enviroment Project4
/Users/chenzitong/Documents/GitHub/Game-Studio-Lab-Environment-Project-4/Game Enviroment Project4
Using Asset Import Pipeline V2.
Refreshing native plugins compatible for Editor in 36.52 ms, found 1 plugins.
Preloading 0 native plugins for Editor in 0.00 ms.
Initialize engine version: 2020.3.4f1c1 (3d27070cb163)
[Subsystems] Discovering subsystems at path /Applications/Unity/Hub/Editor/2020.3.4f1c1/Unity.app/Contents/Resources/UnitySubsystems
[Subsystems] Discovering subsystems at path /Users/chenzitong/Documents/GitHub/Game-Studio-Lab-Environment-Project-4/Game Enviroment Project4/Assets
GfxDevice: creating device client; threaded=0
2021-05-05 01:49:11.725 Unity[78250:24557828] Color LCD preferred device: AMD Radeon Pro 555 (high power)
2021-05-05 01:49:11.726 Unity[78250:24557828] Metal devices available: 2
2021-05-05 01:49:11.726 Unity[78250:24557828] 0: AMD Radeon Pro 555 (high power)
2021-05-05 01:49:11.726 Unity[78250:24557828] 1: Intel(R) HD Graphics 630 (low power)
2021-05-05 01:49:11.727 Unity[78250:24557828] Using device AMD Radeon Pro 555 (high power)
Initializing Metal device caps: AMD Radeon Pro 555
Initialize mono
Mono path[0] = '/Applications/Unity/Hub/Editor/2020.3.4f1c1/Unity.app/Contents/Managed'
Mono path[1] = '/Applications/Unity/Hub/Editor/2020.3.4f1c1/Unity.app/Contents/MonoBleedingEdge/lib/mono/unityjit'
Mono config path = '/Applications/Unity/Hub/Editor/2020.3.4f1c1/Unity.app/Contents/MonoBleedingEdge/etc'
Using monoOptions --debugger-agent=transport=dt_socket,embedding=1,server=y,suspend=n,address=127.0.0.1:56250
Begin MonoManager ReloadAssembly
Registering precompiled unity dll's ...
Register platform support module: /Applications/Unity/Hub/Editor/2020.3.4f1c1/PlaybackEngines/WebGLSupport/UnityEditor.WebGL.Extensions.dll
Register platform support module: /Applications/Unity/Hub/Editor/2020.3.4f1c1/Unity.app/Contents/PlaybackEngines/MacStandaloneSupport/UnityEditor.OSXStandalone.Extensions.dll
Registered in 0.000765 seconds.
Native extension for OSXStandalone target not found
Native extension for WebGL target not found
Refreshing native plugins compatible for Editor in 32.98 ms, found 1 plugins.
Preloading 0 native plugins for Editor in 0.00 ms.
Mono: successfully reloaded assembly
- Completed reload, in  2.146 seconds
Platform modules already initialized, skipping
Registering precompiled user dll's ...
Registered in 0.000802 seconds.
Begin MonoManager ReloadAssembly
Native extension for OSXStandalone target not found
Native extension for WebGL target not found
Refreshing native plugins compatible for Editor in 0.38 ms, found 1 plugins.
Preloading 0 native plugins for Editor in 0.00 ms.
Mono: successfully reloaded assembly
- Completed reload, in  1.711 seconds
Platform modules already initialized, skipping
========================================================================
Worker process is ready to serve import requests
Launching external process: /Applications/Unity/Hub/Editor/2020.3.4f1c1/Unity.app/Contents/Tools/UnityShaderCompiler
Launched and connected shader compiler UnityShaderCompiler after 0.01 seconds
Refreshing native plugins compatible for Editor in 0.43 ms, found 1 plugins.
Preloading 0 native plugins for Editor in 0.00 ms.
Unloading 1556 Unused Serialized files (Serialized files now loaded: 0)
System memory in use before: 171.0 MB.
System memory in use after: 170.6 MB.

Unloading 12 unused Assets to reduce memory usage. Loaded Objects now: 2024.
Total: 4.466248 ms (FindLiveObjects: 0.260489 ms CreateObjectMapping: 0.111254 ms MarkObjects: 3.004705 ms  DeleteObjects: 1.088332 ms)

========================================================================
Received Import Request.
  path: Assets/Prefab/Enemy Spaceship.prefab
  artifactKey: Guid(7f5ea67fa888d43db88da846ff8382e3) Importer(815301076,1909f56bfc062723c751e8b465ee728b)
Start importing Assets/Prefab/Enemy Spaceship.prefab using Guid(7f5ea67fa888d43db88da846ff8382e3) Importer(815301076,1909f56bfc062723c751e8b465ee728b)  -> (artifact id: 'ef1957912a7f552c8952514b63a12b80') in 0.405577 seconds
  Import took 0.411153 seconds .

========================================================================
Received Import Request.
  Time since last request: 0.000238 seconds.
  path: Assets/Planet Earth Free/Prefabs/EarthMedium.prefab
  artifactKey: Guid(2f6c5d6ec779606459f39a8773a9fb35) Importer(815301076,1909f56bfc062723c751e8b465ee728b)
Start importing Assets/Planet Earth Free/Prefabs/EarthMedium.prefab using Guid(2f6c5d6ec779606459f39a8773a9fb35) Importer(815301076,1909f56bfc062723c751e8b465ee728b)  -> (artifact id: '267db80da8406370975af043e2a73217') in 0.126723 seconds
  Import took 0.129702 seconds .

========================================================================
Received Import Request.
  Time since last request: 0.000233 seconds.
  path: Assets/Planet Earth Free/Prefabs/EarthLow.prefab
  artifactKey: Guid(f6f5203ed5ea2204d95508a9c981db2f) Importer(815301076,1909f56bfc062723c751e8b465ee728b)
Start importing Assets/Planet Earth Free/Prefabs/EarthLow.prefab using Guid(f6f5203ed5ea2204d95508a9c981db2f) Importer(815301076,1909f56bfc062723c751e8b465ee728b)  -> (artifact id: '779ede2cbb36145ead62dc826164b2fc') in 0.017325 seconds
  Import took 0.021754 seconds .

========================================================================
Received Import Request.
  Time since last request: 0.000290 seconds.
  path: Assets/Prefab/Bullet.prefab
  artifactKey: Guid(b8474a8f329a145a9bac75de9084185a) Importer(815301076,1909f56bfc062723c751e8b465ee728b)
Start importing Assets/Prefab/Bullet.prefab using Guid(b8474a8f329a145a9bac75de9084185a) Importer(815301076,1909f56bfc062723c751e8b465ee728b)  -> (artifact id: '8c5e20c4a143008a94e583ed4cae47f0') in 0.017778 seconds
  Import took 0.021779 seconds .

========================================================================
Received Import Request.
  Time since last request: 0.000249 seconds.
  path: Assets/Planet Earth Free/Prefabs/EarthHigh.prefab
  artifactKey: Guid(27fe6d2a15a377f4587f716a2d37ca8a) Importer(815301076,1909f56bfc062723c751e8b465ee728b)
Start importing Assets/Planet Earth Free/Prefabs/EarthHigh.prefab using Guid(27fe6d2a15a377f4587f716a2d37ca8a) Importer(815301076,1909f56bfc062723c751e8b465ee728b)  -> (artifact id: '6635ff44851e051d19c49af4363f4c34') in 0.049917 seconds
  Import took 0.054369 seconds .

========================================================================
Received Import Request.
  Time since last request: 0.000199 seconds.
  path: Assets/Planet Earth Free/Prefabs
  artifactKey: Guid(9f196f88c8e327c47b86618ca60485ce) Importer(815301076,1909f56bfc062723c751e8b465ee728b)
Start importing Assets/Planet Earth Free/Prefabs using Guid(9f196f88c8e327c47b86618ca60485ce) Importer(815301076,1909f56bfc062723c751e8b465ee728b)  -> (artifact id: 'e45a0b565c8dd946a7550f0a2dd77a8c') in 0.000847 seconds
  Import took 0.003135 seconds .

========================================================================
Received Import Request.
  Time since last request: 0.000215 seconds.
  path: Assets/Prefab/spacemen.prefab
  artifactKey: Guid(e36c211f1477d442f9f66cf261d9d049) Importer(815301076,1909f56bfc062723c751e8b465ee728b)
Start importing Assets/Prefab/spacemen.prefab using Guid(e36c211f1477d442f9f66cf261d9d049) Importer(815301076,1909f56bfc062723c751e8b465ee728b)  -> (artifact id: '9be314df717abeb1c59fb029afd35ed9') in 0.136344 seconds
  Import took 0.141926 seconds .

========================================================================
Received Import Request.
  Time since last request: 0.000218 seconds.
  path: Assets/Prefab/Enemy Bullet.prefab
  artifactKey: Guid(b32129702d9684ab98f3063122f39d26) Importer(815301076,1909f56bfc062723c751e8b465ee728b)
Start importing Assets/Prefab/Enemy Bullet.prefab using Guid(b32129702d9684ab98f3063122f39d26) Importer(815301076,1909f56bfc062723c751e8b465ee728b)  -> (artifact id: 'af88e8ae7c9c22e467907a4b1bcc2727') in 0.012253 seconds
  Import took 0.015187 seconds .

========================================================================
Received Import Request.
  Time since last request: 0.000321 seconds.
  path: Assets/Prefab/Spaceship Crashed Prefab.prefab
  artifactKey: Guid(40ad542d086f14edb84141a9f5d2f044) Importer(815301076,1909f56bfc062723c751e8b465ee728b)
Start importing Assets/Prefab/Spaceship Crashed Prefab.prefab using Guid(40ad542d086f14edb84141a9f5d2f044) Importer(815301076,1909f56bfc062723c751e8b465ee728b)  -> (artifact id: 'e1e9655c645cc7c3219d8ec899f61847') in 0.074809 seconds
  Import took 0.079289 seconds .

========================================================================
Received Import Request.
  Time since last request: 6.089346 seconds.
  path: Assets/Planet Earth Free/Materials
  artifactKey: Guid(4ad8f1a436c29c4458b47498f0287878) Importer(815301076,1909f56bfc062723c751e8b465ee728b)
Start importing Assets/Planet Earth Free/Materials using Guid(4ad8f1a436c29c4458b47498f0287878) Importer(815301076,1909f56bfc062723c751e8b465ee728b)  -> (artifact id: 'fdefe388d9f6991df40ad9d4dce8fd85') in 0.001027 seconds
  Import took 0.005149 seconds .

========================================================================
Received Import Request.
  Time since last request: 0.045496 seconds.
  path: Assets/Planet Earth Free/Materials/Earth1kMaterial.mat
  artifactKey: Guid(ddb0556055b89a04b94d593283b8daf5) Importer(815301076,1909f56bfc062723c751e8b465ee728b)
Start importing Assets/Planet Earth Free/Materials/Earth1kMaterial.mat using Guid(ddb0556055b89a04b94d593283b8daf5) Importer(815301076,1909f56bfc062723c751e8b465ee728b)  -> (artifact id: '5e9fc5afbb42bbbe0fa50ab95cbe33d9') in 0.190566 seconds
  Import took 0.193619 seconds .

========================================================================
Received Import Request.
  Time since last request: 0.000287 seconds.
  path: Assets/Planet Earth Free/Materials/Earth2kNormal.png
  artifactKey: Guid(47baf10b56ae76347bd195f23c04002a) Importer(815301076,1909f56bfc062723c751e8b465ee728b)
Start importing Assets/Planet Earth Free/Materials/Earth2kNormal.png using Guid(47baf10b56ae76347bd195f23c04002a) Importer(815301076,1909f56bfc062723c751e8b465ee728b)  -> (artifact id: 'f112ed127244685907b822e727516081') in 0.384614 seconds
  Import took 0.387270 seconds .

========================================================================
Received Import Request.
  Time since last request: 0.000239 seconds.
  path: Assets/Planet Earth Free/Materials/Earth2kTexture.png
  artifactKey: Guid(19dcdc22008309643a435bfa15affdb9) Importer(815301076,1909f56bfc062723c751e8b465ee728b)
Start importing Assets/Planet Earth Free/Materials/Earth2kTexture.png using Guid(19dcdc22008309643a435bfa15affdb9) Importer(815301076,1909f56bfc062723c751e8b465ee728b)  -> (artifact id: '779c5b69ce3883c085fc00602476ec99') in 0.010023 seconds
  Import took 0.012857 seconds .

========================================================================
Received Import Request.
  Time since last request: 0.000290 seconds.
  path: Assets/Planet Earth Free/Materials/Earth1kTexture.png
  artifactKey: Guid(bfe0b7cbdb6e54a4fb69c7f5b8fbcf81) Importer(815301076,1909f56bfc062723c751e8b465ee728b)
Start importing Assets/Planet Earth Free/Materials/Earth1kTexture.png using Guid(bfe0b7cbdb6e54a4fb69c7f5b8fbcf81) Importer(815301076,1909f56bfc062723c751e8b465ee728b)  -> (artifact id: 'a5ff63a7ff53b148d07714b5f003464b') in 0.012721 seconds
  Import took 0.016189 seconds .

========================================================================
Received Import Request.
  Time since last request: 0.000278 seconds.
  path: Assets/Planet Earth Free/Materials/Earth4kNormal.png
  artifactKey: Guid(3d650b2b67d9b1341861a4fd90c20b97) Importer(815301076,1909f56bfc062723c751e8b465ee728b)
Start importing Assets/Planet Earth Free/Materials/Earth4kNormal.png using Guid(3d650b2b67d9b1341861a4fd90c20b97) Importer(815301076,1909f56bfc062723c751e8b465ee728b)  -> (artifact id: '9031a6532a61dcca2889c64e71f2755c') in 0.022662 seconds
  Import took 0.025873 seconds .

========================================================================
Received Import Request.
  Time since last request: 0.000249 seconds.
  path: Assets/Planet Earth Free/Materials/SkyboxMaterial.mat
  artifactKey: Guid(f0742823962d31b4ebfa4be9309ddd4e) Importer(815301076,1909f56bfc062723c751e8b465ee728b)
Start importing Assets/Planet Earth Free/Materials/SkyboxMaterial.mat using Guid(f0742823962d31b4ebfa4be9309ddd4e) Importer(815301076,1909f56bfc062723c751e8b465ee728b)  -> (artifact id: '2401d06f56df4c2e09dcada7e36589fd') in 0.017953 seconds
  Import took 0.022423 seconds .

========================================================================
Received Import Request.
  Time since last request: 0.000283 seconds.
  path: Assets/Planet Earth Free/Materials/Earth4kMaterial.mat
  artifactKey: Guid(9129bad9aad7f394aa91b2eb46de21c8) Importer(815301076,1909f56bfc062723c751e8b465ee728b)
Start importing Assets/Planet Earth Free/Materials/Earth4kMaterial.mat using Guid(9129bad9aad7f394aa91b2eb46de21c8) Importer(815301076,1909f56bfc062723c751e8b465ee728b)  -> (artifact id: '8a8a6cb58fbe128aa444233de10c861b') in 0.040929 seconds
  Import took 0.046467 seconds .

========================================================================
Received Import Request.
  Time since last request: 0.000301 seconds.
  path: Assets/Planet Earth Free/Materials/StarsTexture.png
  artifactKey: Guid(a36530de48f48214e8decf4cc52eeb9b) Importer(815301076,1909f56bfc062723c751e8b465ee728b)
Start importing Assets/Planet Earth Free/Materials/StarsTexture.png using Guid(a36530de48f48214e8decf4cc52eeb9b) Importer(815301076,1909f56bfc062723c751e8b465ee728b)  -> (artifact id: 'cf2c444065debd39a5b02fa8d7b323ab') in 0.007332 seconds
  Import took 0.011111 seconds .

========================================================================
Received Import Request.
  Time since last request: 0.000262 seconds.
  path: Assets/Planet Earth Free/Materials/PlanetGlowMaterial.mat
  artifactKey: Guid(3dbe0f991fb96854dae2aeb6ad009828) Importer(815301076,1909f56bfc062723c751e8b465ee728b)
Start importing Assets/Planet Earth Free/Materials/PlanetGlowMaterial.mat using Guid(3dbe0f991fb96854dae2aeb6ad009828) Importer(815301076,1909f56bfc062723c751e8b465ee728b)  -> (artifact id: 'd5f24349a33e7c55df9f2c5c9e0a71dc') in 0.008157 seconds
  Import took 0.011811 seconds .

========================================================================
Received Import Request.
  Time since last request: 0.000266 seconds.
  path: Assets/Planet Earth Free/Materials/Earth4kTexture.png
  artifactKey: Guid(29bd4cac4de86cb41af713a0b6498511) Importer(815301076,1909f56bfc062723c751e8b465ee728b)
Start importing Assets/Planet Earth Free/Materials/Earth4kTexture.png using Guid(29bd4cac4de86cb41af713a0b6498511) Importer(815301076,1909f56bfc062723c751e8b465ee728b)  -> (artifact id: '9c4a92febb7e966d9bb423d4eeaeccf8') in 0.016005 seconds
  Import took 0.020689 seconds .

========================================================================
Received Import Request.
  Time since last request: 0.000311 seconds.
  path: Assets/Planet Earth Free/Materials/Earth1kNormal.png
  artifactKey: Guid(b9bde0ce2b53f2144852ee95519c5736) Importer(815301076,1909f56bfc062723c751e8b465ee728b)
Start importing Assets/Planet Earth Free/Materials/Earth1kNormal.png using Guid(b9bde0ce2b53f2144852ee95519c5736) Importer(815301076,1909f56bfc062723c751e8b465ee728b)  -> (artifact id: 'bf7250a500a32ae75d3306b3e1af08b9') in 0.012408 seconds
  Import took 0.015735 seconds .

========================================================================
Received Import Request.
  Time since last request: 0.000299 seconds.
  path: Assets/Planet Earth Free/Materials/Earth2kMaterial.mat
  artifactKey: Guid(eff9dc043a18eb344a8795d3e20ab108) Importer(815301076,1909f56bfc062723c751e8b465ee728b)
Start importing Assets/Planet Earth Free/Materials/Earth2kMaterial.mat using Guid(eff9dc043a18eb344a8795d3e20ab108) Importer(815301076,1909f56bfc062723c751e8b465ee728b)  -> (artifact id: '7cf4bea4a86cea22a3ea51f6f4b4aec4') in 0.017552 seconds
  Import took 0.021222 seconds .

========================================================================
Received Import Request.
  Time since last request: 5.074584 seconds.
  path: Assets/Planet Earth Free/Models
  artifactKey: Guid(a8f3185b6106ddd41908c6af152005d8) Importer(815301076,1909f56bfc062723c751e8b465ee728b)
Start importing Assets/Planet Earth Free/Models using Guid(a8f3185b6106ddd41908c6af152005d8) Importer(815301076,1909f56bfc062723c751e8b465ee728b)  -> (artifact id: '739112c48c4fc94ee179ddcc863d25cf') in 0.006091 seconds
  Import took 0.009979 seconds .

========================================================================
Received Import Request.
  Time since last request: 0.043425 seconds.
  path: Assets/Planet Earth Free/Models/Planet960Tris.FBX
  artifactKey: Guid(d918e1286969e1740b2daa8c7eb5bcac) Importer(815301076,1909f56bfc062723c751e8b465ee728b)
Start importing Assets/Planet Earth Free/Models/Planet960Tris.FBX using Guid(d918e1286969e1740b2daa8c7eb5bcac) Importer(815301076,1909f56bfc062723c751e8b465ee728b)  -> (artifact id: '38aaf86a6c9cfa7f43381c77e492aa14') in 0.196711 seconds
  Import took 0.203541 seconds .

========================================================================
Received Import Request.
  Time since last request: 0.000282 seconds.
  path: Assets/Planet Earth Free/Models/Planet3968Tris.FBX
  artifactKey: Guid(d103ffa837233534daa68d733386bac5) Importer(815301076,1909f56bfc062723c751e8b465ee728b)
Start importing Assets/Planet Earth Free/Models/Planet3968Tris.FBX using Guid(d103ffa837233534daa68d733386bac5) Importer(815301076,1909f56bfc062723c751e8b465ee728b)  -> (artifact id: '3e15f5e861147be325a70d571ad8e115') in 0.023086 seconds
  Import took 0.026597 seconds .

========================================================================
Received Import Request.
  Time since last request: 0.000265 seconds.
  path: Assets/Planet Earth Free/Models/Planet16128Tris.FBX
  artifactKey: Guid(b82e0d2b8cc9ee64cacfa0b6e51ff1a3) Importer(815301076,1909f56bfc062723c751e8b465ee728b)
Start importing Assets/Planet Earth Free/Models/Planet16128Tris.FBX using Guid(b82e0d2b8cc9ee64cacfa0b6e51ff1a3) Importer(815301076,1909f56bfc062723c751e8b465ee728b)  -> (artifact id: '3dabbcb13e5f8a80810f02f78b4bab02') in 0.026983 seconds
  Import took 0.030486 seconds .

========================================================================
Received Prepare
Registering precompiled user dll's ...
Registered in 0.001204 seconds.
Begin MonoManager ReloadAssembly
Native extension for OSXStandalone target not found
Native extension for WebGL target not found
Refreshing native plugins compatible for Editor in 0.32 ms, found 1 plugins.
Preloading 0 native plugins for Editor in 0.00 ms.
Mono: successfully reloaded assembly
- Completed reload, in  1.120 seconds
Platform modules already initialized, skipping
Refreshing native plugins compatible for Editor in 0.32 ms, found 1 plugins.
Preloading 0 native plugins for Editor in 0.00 ms.
Unloading 1533 Unused Serialized files (Serialized files now loaded: 0)
System memory in use before: 204.4 MB.
System memory in use after: 204.0 MB.

Unloading 8 unused Assets to reduce memory usage. Loaded Objects now: 2078.
Total: 2.797924 ms (FindLiveObjects: 0.272714 ms CreateObjectMapping: 0.080691 ms MarkObjects: 1.873264 ms  DeleteObjects: 0.569207 ms)

========================================================================
Received Import Request.
  Time since last request: 573.929981 seconds.
  path: Assets/Materials/Effects/LightFlares/Flares/50mmZoom.flare
  artifactKey: Guid(54fbbf098d116effa00081aba8ad6659) Importer(815301076,1909f56bfc062723c751e8b465ee728b)
Start importing Assets/Materials/Effects/LightFlares/Flares/50mmZoom.flare using Guid(54fbbf098d116effa00081aba8ad6659) Importer(815301076,1909f56bfc062723c751e8b465ee728b)  -> (artifact id: '748fe005c2b299850903cbdca2a3fbc8') in 0.191031 seconds
  Import took 0.194591 seconds .

========================================================================
Received Import Request.
  Time since last request: 0.000254 seconds.
  path: Assets/Asteroids Pack/Assets/Prefabs/Asteroid 1.prefab
  artifactKey: Guid(fa49e460baf435b4780da7196c2ab473) Importer(815301076,1909f56bfc062723c751e8b465ee728b)
Start importing Assets/Asteroids Pack/Assets/Prefabs/Asteroid 1.prefab using Guid(fa49e460baf435b4780da7196c2ab473) Importer(815301076,1909f56bfc062723c751e8b465ee728b)  -> (artifact id: '6ee451704b922d7ba73e5b5473a3e57b') in 0.078328 seconds
  Import took 0.081112 seconds .

========================================================================
Received Import Request.
  Time since last request: 0.000245 seconds.
  path: Assets/Materials/Effects/LightFlares/Flares/50mmZoom.flare
  artifactKey: Guid(54fbbf098d116effa00081aba8ad6659) Importer(815301076,1909f56bfc062723c751e8b465ee728b)
Start importing Assets/Materials/Effects/LightFlares/Flares/50mmZoom.flare using Guid(54fbbf098d116effa00081aba8ad6659) Importer(815301076,1909f56bfc062723c751e8b465ee728b)  -> (artifact id: '748fe005c2b299850903cbdca2a3fbc8') in 0.002193 seconds
  Import took 0.005121 seconds .

========================================================================
Received Import Request.
  Time since last request: 0.000184 seconds.
  path: Assets/Materials/ParticleSystems/Prefabs/Afterburner.prefab
  artifactKey: Guid(d8c41be67f41aa545ae053b0b927f821) Importer(815301076,1909f56bfc062723c751e8b465ee728b)
Start importing Assets/Materials/ParticleSystems/Prefabs/Afterburner.prefab using Guid(d8c41be67f41aa545ae053b0b927f821) Importer(815301076,1909f56bfc062723c751e8b465ee728b)  -> (artifact id: '4169eeaf4dc31cd40a31638c83284197') in 0.008119 seconds
  Import took 0.010989 seconds .

========================================================================
Received Prepare
Registering precompiled user dll's ...
Registered in 0.000815 seconds.
Begin MonoManager ReloadAssembly
Native extension for OSXStandalone target not found
Native extension for WebGL target not found
Refreshing native plugins compatible for Editor in 0.33 ms, found 1 plugins.
Preloading 0 native plugins for Editor in 0.00 ms.
Mono: successfully reloaded assembly
- Completed reload, in  1.155 seconds
Platform modules already initialized, skipping
Refreshing native plugins compatible for Editor in 0.31 ms, found 1 plugins.
Preloading 0 native plugins for Editor in 0.00 ms.
Unloading 1533 Unused Serialized files (Serialized files now loaded: 0)
System memory in use before: 209.0 MB.
System memory in use after: 208.6 MB.

Unloading 7 unused Assets to reduce memory usage. Loaded Objects now: 2082.
Total: 3.173566 ms (FindLiveObjects: 0.273505 ms CreateObjectMapping: 0.075131 ms MarkObjects: 2.183104 ms  DeleteObjects: 0.639810 ms)

========================================================================
Received Prepare
Registering precompiled user dll's ...
Registered in 0.000706 seconds.
Begin MonoManager ReloadAssembly
Native extension for OSXStandalone target not found
Native extension for WebGL target not found
Refreshing native plugins compatible for Editor in 0.34 ms, found 1 plugins.
Preloading 0 native plugins for Editor in 0.00 ms.
Mono: successfully reloaded assembly
- Completed reload, in  1.208 seconds
Platform modules already initialized, skipping
Refreshing native plugins compatible for Editor in 0.44 ms, found 1 plugins.
Preloading 0 native plugins for Editor in 0.00 ms.
Unloading 1534 Unused Serialized files (Serialized files now loaded: 0)
System memory in use before: 209.3 MB.
System memory in use after: 208.9 MB.

Unloading 7 unused Assets to reduce memory usage. Loaded Objects now: 2086.
Total: 3.339391 ms (FindLiveObjects: 0.269539 ms CreateObjectMapping: 0.061496 ms MarkObjects: 2.336071 ms  DeleteObjects: 0.669842 ms)

========================================================================
Received Prepare
Registering precompiled user dll's ...
Registered in 0.001084 seconds.
Begin MonoManager ReloadAssembly
Native extension for OSXStandalone target not found
Native extension for WebGL target not found
Refreshing native plugins compatible for Editor in 0.40 ms, found 1 plugins.
Preloading 0 native plugins for Editor in 0.00 ms.
Mono: successfully reloaded assembly
- Completed reload, in  1.178 seconds
Platform modules already initialized, skipping
Refreshing native plugins compatible for Editor in 0.32 ms, found 1 plugins.
Preloading 0 native plugins for Editor in 0.00 ms.
Unloading 1534 Unused Serialized files (Serialized files now loaded: 0)
System memory in use before: 209.5 MB.
System memory in use after: 209.1 MB.

Unloading 7 unused Assets to reduce memory usage. Loaded Objects now: 2089.
Total: 2.670738 ms (FindLiveObjects: 0.306853 ms CreateObjectMapping: 0.071096 ms MarkObjects: 1.698612 ms  DeleteObjects: 0.591865 ms)

========================================================================
Received Import Request.
  Time since last request: 297.225870 seconds.
  path: Assets/earthtrigger.cs
  artifactKey: Guid(04f2661154d184d4eb9b276c417800a4) Importer(815301076,1909f56bfc062723c751e8b465ee728b)
Start importing Assets/earthtrigger.cs using Guid(04f2661154d184d4eb9b276c417800a4) Importer(815301076,1909f56bfc062723c751e8b465ee728b)  -> (artifact id: '0ed014fb648b7c75fcee1374aec12365') in 0.415113 seconds
  Import took 0.418352 seconds .

========================================================================
Received Prepare
Registering precompiled user dll's ...
Registered in 0.000706 seconds.
Begin MonoManager ReloadAssembly
Native extension for OSXStandalone target not found
Native extension for WebGL target not found
Refreshing native plugins compatible for Editor in 0.33 ms, found 1 plugins.
Preloading 0 native plugins for Editor in 0.00 ms.
Mono: successfully reloaded assembly
- Completed reload, in  1.188 seconds
Platform modules already initialized, skipping
Refreshing native plugins compatible for Editor in 0.33 ms, found 1 plugins.
Preloading 0 native plugins for Editor in 0.00 ms.
Unloading 1534 Unused Serialized files (Serialized files now loaded: 0)
System memory in use before: 214.1 MB.
System memory in use after: 213.7 MB.

Unloading 7 unused Assets to reduce memory usage. Loaded Objects now: 2092.
Total: 3.067170 ms (FindLiveObjects: 0.297303 ms CreateObjectMapping: 0.118138 ms MarkObjects: 2.004003 ms  DeleteObjects: 0.646543 ms)

========================================================================
Received Import Request.
  Time since last request: 5.242761 seconds.
  path: Assets/Sprites
  artifactKey: Guid(ea8afe038b54c4e0993f22038e25b796) Importer(815301076,1909f56bfc062723c751e8b465ee728b)
Start importing Assets/Sprites using Guid(ea8afe038b54c4e0993f22038e25b796) Importer(815301076,1909f56bfc062723c751e8b465ee728b)  -> (artifact id: 'b19521f3005491eae12e7e31c19d40d5') in 0.009066 seconds
  Import took 0.012351 seconds .

========================================================================
Received Prepare
Registering precompiled user dll's ...
Registered in 0.000886 seconds.
Begin MonoManager ReloadAssembly
Native extension for OSXStandalone target not found
Native extension for WebGL target not found
Refreshing native plugins compatible for Editor in 0.34 ms, found 1 plugins.
Preloading 0 native plugins for Editor in 0.00 ms.
Mono: successfully reloaded assembly
- Completed reload, in  1.207 seconds
Platform modules already initialized, skipping
Refreshing native plugins compatible for Editor in 0.55 ms, found 1 plugins.
Preloading 0 native plugins for Editor in 0.00 ms.
Unloading 1534 Unused Serialized files (Serialized files now loaded: 0)
System memory in use before: 214.3 MB.
System memory in use after: 213.9 MB.

Unloading 7 unused Assets to reduce memory usage. Loaded Objects now: 2095.
Total: 4.555627 ms (FindLiveObjects: 0.310200 ms CreateObjectMapping: 0.093863 ms MarkObjects: 3.314370 ms  DeleteObjects: 0.835107 ms)

========================================================================
Received Prepare
Registering precompiled user dll's ...
Registered in 0.000747 seconds.
Begin MonoManager ReloadAssembly
Native extension for OSXStandalone target not found
Native extension for WebGL target not found
Refreshing native plugins compatible for Editor in 0.33 ms, found 1 plugins.
Preloading 0 native plugins for Editor in 0.00 ms.
Mono: successfully reloaded assembly
- Completed reload, in  1.151 seconds
Platform modules already initialized, skipping
Refreshing native plugins compatible for Editor in 0.35 ms, found 1 plugins.
Preloading 0 native plugins for Editor in 0.00 ms.
Unloading 1534 Unused Serialized files (Serialized files now loaded: 0)
System memory in use before: 214.6 MB.
System memory in use after: 214.2 MB.

Unloading 7 unused Assets to reduce memory usage. Loaded Objects now: 2098.
Total: 3.124287 ms (FindLiveObjects: 0.370279 ms CreateObjectMapping: 0.116814 ms MarkObjects: 2.043953 ms  DeleteObjects: 0.591527 ms)

========================================================================
Received Prepare
Registering precompiled user dll's ...
Registered in 0.000896 seconds.
Begin MonoManager ReloadAssembly
Native extension for OSXStandalone target not found
Native extension for WebGL target not found
Refreshing native plugins compatible for Editor in 0.40 ms, found 1 plugins.
Preloading 0 native plugins for Editor in 0.00 ms.
Mono: successfully reloaded assembly
- Completed reload, in  1.191 seconds
Platform modules already initialized, skipping
Refreshing native plugins compatible for Editor in 0.40 ms, found 1 plugins.
Preloading 0 native plugins for Editor in 0.00 ms.
Unloading 1534 Unused Serialized files (Serialized files now loaded: 0)
System memory in use before: 214.9 MB.
System memory in use after: 214.5 MB.

Unloading 7 unused Assets to reduce memory usage. Loaded Objects now: 2101.
Total: 3.145841 ms (FindLiveObjects: 0.284653 ms CreateObjectMapping: 0.082018 ms MarkObjects: 2.053547 ms  DeleteObjects: 0.724420 ms)

========================================================================
Received Prepare
Registering precompiled user dll's ...
Registered in 0.000851 seconds.
Begin MonoManager ReloadAssembly
Native extension for OSXStandalone target not found
Native extension for WebGL target not found
Refreshing native plugins compatible for Editor in 0.33 ms, found 1 plugins.
Preloading 0 native plugins for Editor in 0.00 ms.
Mono: successfully reloaded assembly
- Completed reload, in  1.168 seconds
Platform modules already initialized, skipping
Refreshing native plugins compatible for Editor in 0.38 ms, found 1 plugins.
Preloading 0 native plugins for Editor in 0.00 ms.
Unloading 1534 Unused Serialized files (Serialized files now loaded: 0)
System memory in use before: 215.1 MB.
System memory in use after: 214.7 MB.

Unloading 7 unused Assets to reduce memory usage. Loaded Objects now: 2104.
Total: 3.362525 ms (FindLiveObjects: 0.318920 ms CreateObjectMapping: 0.075477 ms MarkObjects: 2.236806 ms  DeleteObjects: 0.730108 ms)

========================================================================
Received Import Request.
  Time since last request: 460.982887 seconds.
  path: Assets/Scenes/Spaceship Test Scene.unity
  artifactKey: Guid(304be20628a0a4867afb60fc6214b0e5) Importer(815301076,1909f56bfc062723c751e8b465ee728b)
Start importing Assets/Scenes/Spaceship Test Scene.unity using Guid(304be20628a0a4867afb60fc6214b0e5) Importer(815301076,1909f56bfc062723c751e8b465ee728b)  -> (artifact id: '2e0511d6dcf37bbda0469f1dd1421914') in 0.014829 seconds
  Import took 0.018240 seconds .

========================================================================
Received Prepare
Registering precompiled user dll's ...
Registered in 0.000897 seconds.
Begin MonoManager ReloadAssembly
Native extension for OSXStandalone target not found
Native extension for WebGL target not found
Refreshing native plugins compatible for Editor in 0.32 ms, found 1 plugins.
Preloading 0 native plugins for Editor in 0.00 ms.
Mono: successfully reloaded assembly
- Completed reload, in  1.219 seconds
Platform modules already initialized, skipping
Refreshing native plugins compatible for Editor in 0.32 ms, found 1 plugins.
Preloading 0 native plugins for Editor in 0.00 ms.
Unloading 1534 Unused Serialized files (Serialized files now loaded: 0)
System memory in use before: 215.3 MB.
System memory in use after: 214.9 MB.

Unloading 7 unused Assets to reduce memory usage. Loaded Objects now: 2107.
Total: 3.052951 ms (FindLiveObjects: 0.279164 ms CreateObjectMapping: 0.084036 ms MarkObjects: 2.052319 ms  DeleteObjects: 0.635514 ms)

========================================================================
Received Prepare
Registering precompiled user dll's ...
Registered in 0.000870 seconds.
Begin MonoManager ReloadAssembly
Native extension for OSXStandalone target not found
Native extension for WebGL target not found
Refreshing native plugins compatible for Editor in 0.32 ms, found 1 plugins.
Preloading 0 native plugins for Editor in 0.00 ms.
Mono: successfully reloaded assembly
- Completed reload, in  1.106 seconds
Platform modules already initialized, skipping
Refreshing native plugins compatible for Editor in 0.35 ms, found 1 plugins.
Preloading 0 native plugins for Editor in 0.00 ms.
Unloading 1534 Unused Serialized files (Serialized files now loaded: 0)
System memory in use before: 215.6 MB.
System memory in use after: 215.2 MB.

Unloading 7 unused Assets to reduce memory usage. Loaded Objects now: 2110.
Total: 2.671596 ms (FindLiveObjects: 0.298400 ms CreateObjectMapping: 0.051415 ms MarkObjects: 1.714125 ms  DeleteObjects: 0.606649 ms)

========================================================================
Received Prepare
Registering precompiled user dll's ...
Registered in 0.000809 seconds.
Begin MonoManager ReloadAssembly
Native extension for OSXStandalone target not found
Native extension for WebGL target not found
Refreshing native plugins compatible for Editor in 0.34 ms, found 1 plugins.
Preloading 0 native plugins for Editor in 0.00 ms.
Mono: successfully reloaded assembly
- Completed reload, in  1.236 seconds
Platform modules already initialized, skipping
Refreshing native plugins compatible for Editor in 0.45 ms, found 1 plugins.
Preloading 0 native plugins for Editor in 0.00 ms.
Unloading 1534 Unused Serialized files (Serialized files now loaded: 0)
System memory in use before: 215.8 MB.
System memory in use after: 215.5 MB.

Unloading 7 unused Assets to reduce memory usage. Loaded Objects now: 2113.
Total: 3.014033 ms (FindLiveObjects: 0.334286 ms CreateObjectMapping: 0.089044 ms MarkObjects: 1.891172 ms  DeleteObjects: 0.697805 ms)

========================================================================
Received Prepare
Registering precompiled user dll's ...
Registered in 0.000706 seconds.
Begin MonoManager ReloadAssembly
Native extension for OSXStandalone target not found
Native extension for WebGL target not found
Refreshing native plugins compatible for Editor in 0.34 ms, found 1 plugins.
Preloading 0 native plugins for Editor in 0.00 ms.
Mono: successfully reloaded assembly
- Completed reload, in  1.200 seconds
Platform modules already initialized, skipping
Refreshing native plugins compatible for Editor in 0.31 ms, found 1 plugins.
Preloading 0 native plugins for Editor in 0.00 ms.
Unloading 1534 Unused Serialized files (Serialized files now loaded: 0)
System memory in use before: 216.1 MB.
System memory in use after: 215.7 MB.

Unloading 7 unused Assets to reduce memory usage. Loaded Objects now: 2116.
Total: 3.011056 ms (FindLiveObjects: 0.281322 ms CreateObjectMapping: 0.076409 ms MarkObjects: 1.973040 ms  DeleteObjects: 0.678046 ms)

========================================================================
Received Import Request.
  Time since last request: 1254.434564 seconds.
  path: Assets/Audio/ending.mp3
  artifactKey: Guid(422e2b960d11b493585444d06a869823) Importer(815301076,1909f56bfc062723c751e8b465ee728b)
Start importing Assets/Audio/ending.mp3 using Guid(422e2b960d11b493585444d06a869823) Importer(815301076,1909f56bfc062723c751e8b465ee728b)  -> (artifact id: '605a90815ebfd548ef3419c275d5155a') in 0.356067 seconds
  Import took 0.359891 seconds .

========================================================================
Received Import Request.
  Time since last request: 8.765300 seconds.
  path: Assets/Scenes/End.unity
  artifactKey: Guid(810abcde1d2364e6cac982dfe6291110) Importer(815301076,1909f56bfc062723c751e8b465ee728b)
Start importing Assets/Scenes/End.unity using Guid(810abcde1d2364e6cac982dfe6291110) Importer(815301076,1909f56bfc062723c751e8b465ee728b)  -> (artifact id: 'c6da2c7e46f6e5040e8a72c094b4d325') in 0.007130 seconds
  Import took 0.011212 seconds .

========================================================================
Received Import Request.
  Time since last request: 5.655056 seconds.
  path: Assets/Scenes/Start.unity
  artifactKey: Guid(9fc0d4010bbf28b4594072e72b8655ab) Importer(815301076,1909f56bfc062723c751e8b465ee728b)
Start importing Assets/Scenes/Start.unity using Guid(9fc0d4010bbf28b4594072e72b8655ab) Importer(815301076,1909f56bfc062723c751e8b465ee728b)  -> (artifact id: '357114af2d0b34538c49e5b1a790dce5') in 0.006998 seconds
  Import took 0.011001 seconds .

========================================================================
Received Import Request.
  Time since last request: 2.415920 seconds.
  path: Assets/Scenes/Spaceship Test Scene.unity
  artifactKey: Guid(304be20628a0a4867afb60fc6214b0e5) Importer(815301076,1909f56bfc062723c751e8b465ee728b)
Start importing Assets/Scenes/Spaceship Test Scene.unity using Guid(304be20628a0a4867afb60fc6214b0e5) Importer(815301076,1909f56bfc062723c751e8b465ee728b)  -> (artifact id: '9861b7ca0d56a7165ea8d0f69619504a') in 0.007617 seconds
  Import took 0.011633 seconds .

========================================================================
Received Prepare
Registering precompiled user dll's ...
Registered in 0.000717 seconds.
Begin MonoManager ReloadAssembly
Native extension for OSXStandalone target not found
Native extension for WebGL target not found
Refreshing native plugins compatible for Editor in 0.32 ms, found 1 plugins.
Preloading 0 native plugins for Editor in 0.00 ms.
Mono: successfully reloaded assembly
- Completed reload, in  1.154 seconds
Platform modules already initialized, skipping
Refreshing native plugins compatible for Editor in 0.35 ms, found 1 plugins.
Preloading 0 native plugins for Editor in 0.00 ms.
Unloading 1534 Unused Serialized files (Serialized files now loaded: 0)
System memory in use before: 220.6 MB.
System memory in use after: 220.3 MB.

Unloading 7 unused Assets to reduce memory usage. Loaded Objects now: 2122.
Total: 3.392354 ms (FindLiveObjects: 0.346191 ms CreateObjectMapping: 0.154729 ms MarkObjects: 2.182970 ms  DeleteObjects: 0.706341 ms)

========================================================================
Received Prepare
Registering precompiled user dll's ...
Registered in 0.000836 seconds.
Begin MonoManager ReloadAssembly
Native extension for OSXStandalone target not found
Native extension for WebGL target not found
Refreshing native plugins compatible for Editor in 0.65 ms, found 1 plugins.
Preloading 0 native plugins for Editor in 0.00 ms.
Mono: successfully reloaded assembly
- Completed reload, in  1.461 seconds
Platform modules already initialized, skipping
Refreshing native plugins compatible for Editor in 0.35 ms, found 1 plugins.
Preloading 0 native plugins for Editor in 0.00 ms.
Unloading 1535 Unused Serialized files (Serialized files now loaded: 0)
System memory in use before: 220.9 MB.
System memory in use after: 220.5 MB.

Unloading 7 unused Assets to reduce memory usage. Loaded Objects now: 2126.
Total: 3.079071 ms (FindLiveObjects: 0.227970 ms CreateObjectMapping: 0.066756 ms MarkObjects: 2.118011 ms  DeleteObjects: 0.664931 ms)

========================================================================
Received Prepare
Registering precompiled user dll's ...
Registered in 0.000943 seconds.
Begin MonoManager ReloadAssembly
Native extension for OSXStandalone target not found
Native extension for WebGL target not found
Refreshing native plugins compatible for Editor in 0.36 ms, found 1 plugins.
Preloading 0 native plugins for Editor in 0.00 ms.
Mono: successfully reloaded assembly
- Completed reload, in  1.322 seconds
Platform modules already initialized, skipping
Refreshing native plugins compatible for Editor in 0.33 ms, found 1 plugins.
Preloading 0 native plugins for Editor in 0.00 ms.
Unloading 1535 Unused Serialized files (Serialized files now loaded: 0)
System memory in use before: 221.2 MB.
System memory in use after: 220.8 MB.

Unloading 7 unused Assets to reduce memory usage. Loaded Objects now: 2129.
Total: 3.611951 ms (FindLiveObjects: 0.355836 ms CreateObjectMapping: 0.108001 ms MarkObjects: 2.243240 ms  DeleteObjects: 0.903089 ms)

========================================================================
Received Prepare
Registering precompiled user dll's ...
Registered in 0.000711 seconds.
Begin MonoManager ReloadAssembly
Native extension for OSXStandalone target not found
Native extension for WebGL target not found
Refreshing native plugins compatible for Editor in 0.38 ms, found 1 plugins.
Preloading 0 native plugins for Editor in 0.00 ms.
Mono: successfully reloaded assembly
- Completed reload, in  1.149 seconds
Platform modules already initialized, skipping
Refreshing native plugins compatible for Editor in 0.32 ms, found 1 plugins.
Preloading 0 native plugins for Editor in 0.00 ms.
Unloading 1535 Unused Serialized files (Serialized files now loaded: 0)
System memory in use before: 221.4 MB.
System memory in use after: 221.1 MB.

Unloading 7 unused Assets to reduce memory usage. Loaded Objects now: 2132.
Total: 3.030159 ms (FindLiveObjects: 0.355761 ms CreateObjectMapping: 0.090113 ms MarkObjects: 1.902734 ms  DeleteObjects: 0.680126 ms)

========================================================================
Received Prepare
Registering precompiled user dll's ...
Registered in 0.000870 seconds.
Begin MonoManager ReloadAssembly
Native extension for OSXStandalone target not found
Native extension for WebGL target not found
Refreshing native plugins compatible for Editor in 0.35 ms, found 1 plugins.
Preloading 0 native plugins for Editor in 0.00 ms.
Mono: successfully reloaded assembly
- Completed reload, in  1.133 seconds
Platform modules already initialized, skipping
Refreshing native plugins compatible for Editor in 0.32 ms, found 1 plugins.
Preloading 0 native plugins for Editor in 0.00 ms.
Unloading 1535 Unused Serialized files (Serialized files now loaded: 0)
System memory in use before: 221.7 MB.
System memory in use after: 221.3 MB.

Unloading 7 unused Assets to reduce memory usage. Loaded Objects now: 2135.
Total: 2.865936 ms (FindLiveObjects: 0.246617 ms CreateObjectMapping: 0.057033 ms MarkObjects: 1.867167 ms  DeleteObjects: 0.694068 ms)

