Using pre-set license

 COMMAND LINE ARGUMENTS:
/Applications/Unity/Hub/Editor/2020.3.4f1c1/Unity.app/Contents/MacOS/Unity
-adb2
-batchMode
-noUpm
-name
AssetImportWorker1
-projectPath
/Users/wangxia/Documents/UnityProject/Impossible Environments Proejct/Game-Studio-Lab-Environment-Project-4/Game Enviroment Project4
-logFile
Logs/AssetImportWorker1.log
-srvPort
61249
Successfully changed project path to: /Users/wangxia/Documents/UnityProject/Impossible Environments Proejct/Game-Studio-Lab-Environment-Project-4/Game Enviroment Project4
/Users/wangxia/Documents/UnityProject/Impossible Environments Proejct/Game-Studio-Lab-Environment-Project-4/Game Enviroment Project4
Using Asset Import Pipeline V2.
Refreshing native plugins compatible for Editor in 108.20 ms, found 1 plugins.
Preloading 0 native plugins for Editor in 0.00 ms.
Initialize engine version: 2020.3.4f1c1 (3d27070cb163)
[Subsystems] Discovering subsystems at path /Applications/Unity/Hub/Editor/2020.3.4f1c1/Unity.app/Contents/Resources/UnitySubsystems
[Subsystems] Discovering subsystems at path /Users/wangxia/Documents/UnityProject/Impossible Environments Proejct/Game-Studio-Lab-Environment-Project-4/Game Enviroment Project4/Assets
GfxDevice: creating device client; threaded=0
2021-05-04 10:14:55.419 Unity[28191:24852742] Color LCD preferred device: Intel(R) Iris(TM) Graphics 6100 (low power)
2021-05-04 10:14:55.419 Unity[28191:24852742] Metal devices available: 1
2021-05-04 10:14:55.419 Unity[28191:24852742] 0: Intel(R) Iris(TM) Graphics 6100 (low power)
2021-05-04 10:14:55.422 Unity[28191:24852742] Using device Intel(R) Iris(TM) Graphics 6100 (low power)
Initializing Metal device caps: Intel(R) Iris(TM) Graphics 6100
Initialize mono
Mono path[0] = '/Applications/Unity/Hub/Editor/2020.3.4f1c1/Unity.app/Contents/Managed'
Mono path[1] = '/Applications/Unity/Hub/Editor/2020.3.4f1c1/Unity.app/Contents/MonoBleedingEdge/lib/mono/unityjit'
Mono config path = '/Applications/Unity/Hub/Editor/2020.3.4f1c1/Unity.app/Contents/MonoBleedingEdge/etc'
Using monoOptions --debugger-agent=transport=dt_socket,embedding=1,server=y,suspend=n,address=127.0.0.1:56191
Begin MonoManager ReloadAssembly
Registering precompiled unity dll's ...
Register platform support module: /Applications/Unity/Hub/Editor/2020.3.4f1c1/PlaybackEngines/WebGLSupport/UnityEditor.WebGL.Extensions.dll
Register platform support module: /Applications/Unity/Hub/Editor/2020.3.4f1c1/Unity.app/Contents/PlaybackEngines/MacStandaloneSupport/UnityEditor.OSXStandalone.Extensions.dll
Registered in 0.000902 seconds.
Native extension for OSXStandalone target not found
Native extension for WebGL target not found
Refreshing native plugins compatible for Editor in 40.81 ms, found 1 plugins.
Preloading 0 native plugins for Editor in 0.00 ms.
Mono: successfully reloaded assembly
- Completed reload, in  3.488 seconds
Platform modules already initialized, skipping
Registering precompiled user dll's ...
Registered in 0.000649 seconds.
Begin MonoManager ReloadAssembly
Native extension for OSXStandalone target not found
Native extension for WebGL target not found
Refreshing native plugins compatible for Editor in 0.53 ms, found 1 plugins.
Preloading 0 native plugins for Editor in 0.00 ms.
Mono: successfully reloaded assembly
- Completed reload, in  3.043 seconds
Platform modules already initialized, skipping
========================================================================
Worker process is ready to serve import requests
Launching external process: /Applications/Unity/Hub/Editor/2020.3.4f1c1/Unity.app/Contents/Tools/UnityShaderCompiler
Launched and connected shader compiler UnityShaderCompiler after 0.03 seconds
Refreshing native plugins compatible for Editor in 0.30 ms, found 1 plugins.
Preloading 0 native plugins for Editor in 0.00 ms.
Unloading 1555 Unused Serialized files (Serialized files now loaded: 0)
System memory in use before: 164.9 MB.
System memory in use after: 164.4 MB.

Unloading 13 unused Assets to reduce memory usage. Loaded Objects now: 2013.
Total: 4.738714 ms (FindLiveObjects: 0.292059 ms CreateObjectMapping: 0.057815 ms MarkObjects: 3.399120 ms  DeleteObjects: 0.988134 ms)

========================================================================
Received Import Request.
  path: Assets/Script/TextTriggerByTime.cs
  artifactKey: Guid(989748f47059243cfa2089b395567fd2) Importer(815301076,1909f56bfc062723c751e8b465ee728b)
Start importing Assets/Script/TextTriggerByTime.cs using Guid(989748f47059243cfa2089b395567fd2) Importer(815301076,1909f56bfc062723c751e8b465ee728b)  -> (artifact id: '4f7b2b155d82bfbab07800ae51f1a49d') in 0.317402 seconds
  Import took 0.323182 seconds .

========================================================================
Received Import Request.
  Time since last request: 16.400621 seconds.
  path: Assets/Scenes/End.unity
  artifactKey: Guid(810abcde1d2364e6cac982dfe6291110) Importer(815301076,1909f56bfc062723c751e8b465ee728b)
Start importing Assets/Scenes/End.unity using Guid(810abcde1d2364e6cac982dfe6291110) Importer(815301076,1909f56bfc062723c751e8b465ee728b)  -> (artifact id: 'b7674e1a499d47a6b409d17e2e1d4d23') in 0.040634 seconds
  Import took 0.046034 seconds .

========================================================================
Received Prepare
Registering precompiled user dll's ...
Registered in 0.001258 seconds.
Begin MonoManager ReloadAssembly
Native extension for OSXStandalone target not found
Native extension for WebGL target not found
Refreshing native plugins compatible for Editor in 0.35 ms, found 1 plugins.
Preloading 0 native plugins for Editor in 0.00 ms.
Mono: successfully reloaded assembly
- Completed reload, in  2.349 seconds
Platform modules already initialized, skipping
Refreshing native plugins compatible for Editor in 0.54 ms, found 1 plugins.
Preloading 0 native plugins for Editor in 0.00 ms.
Unloading 1533 Unused Serialized files (Serialized files now loaded: 0)
System memory in use before: 164.6 MB.
System memory in use after: 164.2 MB.

Unloading 8 unused Assets to reduce memory usage. Loaded Objects now: 2016.
Total: 3.928459 ms (FindLiveObjects: 0.825674 ms CreateObjectMapping: 0.244476 ms MarkObjects: 2.182541 ms  DeleteObjects: 0.672423 ms)

========================================================================
Received Prepare
Registering precompiled user dll's ...
Registered in 0.001861 seconds.
Begin MonoManager ReloadAssembly
Native extension for OSXStandalone target not found
Native extension for WebGL target not found
Refreshing native plugins compatible for Editor in 0.72 ms, found 1 plugins.
Preloading 0 native plugins for Editor in 0.00 ms.
Mono: successfully reloaded assembly
- Completed reload, in  2.265 seconds
Platform modules already initialized, skipping
Refreshing native plugins compatible for Editor in 0.56 ms, found 1 plugins.
Preloading 0 native plugins for Editor in 0.00 ms.
Unloading 1533 Unused Serialized files (Serialized files now loaded: 0)
System memory in use before: 164.9 MB.
System memory in use after: 164.5 MB.

Unloading 8 unused Assets to reduce memory usage. Loaded Objects now: 2019.
Total: 5.248461 ms (FindLiveObjects: 0.666361 ms CreateObjectMapping: 0.237366 ms MarkObjects: 3.006285 ms  DeleteObjects: 1.336278 ms)

========================================================================
Received Prepare
Registering precompiled user dll's ...
Registered in 0.000638 seconds.
Begin MonoManager ReloadAssembly
Native extension for OSXStandalone target not found
Native extension for WebGL target not found
Refreshing native plugins compatible for Editor in 0.38 ms, found 1 plugins.
Preloading 0 native plugins for Editor in 0.00 ms.
Mono: successfully reloaded assembly
- Completed reload, in  1.949 seconds
Platform modules already initialized, skipping
Refreshing native plugins compatible for Editor in 0.32 ms, found 1 plugins.
Preloading 0 native plugins for Editor in 0.00 ms.
Unloading 1533 Unused Serialized files (Serialized files now loaded: 0)
System memory in use before: 165.2 MB.
System memory in use after: 164.8 MB.

Unloading 8 unused Assets to reduce memory usage. Loaded Objects now: 2022.
Total: 3.876955 ms (FindLiveObjects: 0.278463 ms CreateObjectMapping: 0.058454 ms MarkObjects: 2.692406 ms  DeleteObjects: 0.845543 ms)

========================================================================
Received Prepare
Registering precompiled user dll's ...
Registered in 0.000970 seconds.
Begin MonoManager ReloadAssembly
Native extension for OSXStandalone target not found
Native extension for WebGL target not found
Refreshing native plugins compatible for Editor in 0.34 ms, found 1 plugins.
Preloading 0 native plugins for Editor in 0.00 ms.
Mono: successfully reloaded assembly
- Completed reload, in  1.702 seconds
Platform modules already initialized, skipping
Refreshing native plugins compatible for Editor in 0.36 ms, found 1 plugins.
Preloading 0 native plugins for Editor in 0.00 ms.
Unloading 1533 Unused Serialized files (Serialized files now loaded: 0)
System memory in use before: 165.4 MB.
System memory in use after: 165.0 MB.

Unloading 8 unused Assets to reduce memory usage. Loaded Objects now: 2025.
Total: 2.914210 ms (FindLiveObjects: 0.242050 ms CreateObjectMapping: 0.063172 ms MarkObjects: 1.978680 ms  DeleteObjects: 0.628381 ms)

========================================================================
Received Prepare
Registering precompiled user dll's ...
Registered in 0.002022 seconds.
Begin MonoManager ReloadAssembly
Native extension for OSXStandalone target not found
Native extension for WebGL target not found
Refreshing native plugins compatible for Editor in 0.81 ms, found 1 plugins.
Preloading 0 native plugins for Editor in 0.00 ms.
Mono: successfully reloaded assembly
- Completed reload, in  2.564 seconds
Platform modules already initialized, skipping
Refreshing native plugins compatible for Editor in 0.34 ms, found 1 plugins.
Preloading 0 native plugins for Editor in 0.00 ms.
Unloading 1533 Unused Serialized files (Serialized files now loaded: 0)
System memory in use before: 165.7 MB.
System memory in use after: 165.2 MB.

Unloading 8 unused Assets to reduce memory usage. Loaded Objects now: 2028.
Total: 3.295267 ms (FindLiveObjects: 0.286907 ms CreateObjectMapping: 0.062449 ms MarkObjects: 2.297266 ms  DeleteObjects: 0.646965 ms)

========================================================================
Received Prepare
Registering precompiled user dll's ...
Registered in 0.001227 seconds.
Begin MonoManager ReloadAssembly
Native extension for OSXStandalone target not found
Native extension for WebGL target not found
Refreshing native plugins compatible for Editor in 0.41 ms, found 1 plugins.
Preloading 0 native plugins for Editor in 0.00 ms.
Mono: successfully reloaded assembly
- Completed reload, in  1.618 seconds
Platform modules already initialized, skipping
Refreshing native plugins compatible for Editor in 2.73 ms, found 1 plugins.
Preloading 0 native plugins for Editor in 0.00 ms.
Unloading 1533 Unused Serialized files (Serialized files now loaded: 0)
System memory in use before: 165.9 MB.
System memory in use after: 165.5 MB.

Unloading 8 unused Assets to reduce memory usage. Loaded Objects now: 2031.
Total: 8.149523 ms (FindLiveObjects: 0.569772 ms CreateObjectMapping: 0.226553 ms MarkObjects: 6.300078 ms  DeleteObjects: 1.050557 ms)

========================================================================
Received Prepare
Registering precompiled user dll's ...
Registered in 0.006358 seconds.
Begin MonoManager ReloadAssembly
Native extension for OSXStandalone target not found
Native extension for WebGL target not found
Refreshing native plugins compatible for Editor in 0.56 ms, found 1 plugins.
Preloading 0 native plugins for Editor in 0.00 ms.
Mono: successfully reloaded assembly
- Completed reload, in  4.497 seconds
Platform modules already initialized, skipping
Refreshing native plugins compatible for Editor in 0.31 ms, found 1 plugins.
Preloading 0 native plugins for Editor in 0.00 ms.
Unloading 1533 Unused Serialized files (Serialized files now loaded: 0)
System memory in use before: 166.2 MB.
System memory in use after: 165.8 MB.

Unloading 8 unused Assets to reduce memory usage. Loaded Objects now: 2034.
Total: 4.186885 ms (FindLiveObjects: 1.053262 ms CreateObjectMapping: 0.115837 ms MarkObjects: 2.312723 ms  DeleteObjects: 0.702450 ms)

========================================================================
Received Prepare
Registering precompiled user dll's ...
Registered in 0.000691 seconds.
Begin MonoManager ReloadAssembly
Native extension for OSXStandalone target not found
Native extension for WebGL target not found
Refreshing native plugins compatible for Editor in 0.38 ms, found 1 plugins.
Preloading 0 native plugins for Editor in 0.00 ms.
Mono: successfully reloaded assembly
- Completed reload, in  4.305 seconds
Platform modules already initialized, skipping
Refreshing native plugins compatible for Editor in 0.61 ms, found 1 plugins.
Preloading 0 native plugins for Editor in 0.00 ms.
Unloading 1533 Unused Serialized files (Serialized files now loaded: 0)
System memory in use before: 166.5 MB.
System memory in use after: 166.0 MB.

Unloading 8 unused Assets to reduce memory usage. Loaded Objects now: 2037.
Total: 4.362048 ms (FindLiveObjects: 1.488367 ms CreateObjectMapping: 0.211715 ms MarkObjects: 1.919717 ms  DeleteObjects: 0.739119 ms)

========================================================================
Received Prepare
Registering precompiled user dll's ...
Registered in 0.004466 seconds.
Begin MonoManager ReloadAssembly
Native extension for OSXStandalone target not found
Native extension for WebGL target not found
Refreshing native plugins compatible for Editor in 0.58 ms, found 1 plugins.
Preloading 0 native plugins for Editor in 0.00 ms.
Mono: successfully reloaded assembly
- Completed reload, in  2.009 seconds
Platform modules already initialized, skipping
Refreshing native plugins compatible for Editor in 0.32 ms, found 1 plugins.
Preloading 0 native plugins for Editor in 0.00 ms.
Unloading 1533 Unused Serialized files (Serialized files now loaded: 0)
System memory in use before: 166.7 MB.
System memory in use after: 166.3 MB.

Unloading 8 unused Assets to reduce memory usage. Loaded Objects now: 2040.
Total: 4.521098 ms (FindLiveObjects: 0.495039 ms CreateObjectMapping: 0.178351 ms MarkObjects: 2.854165 ms  DeleteObjects: 0.990727 ms)

========================================================================
Received Prepare
Registering precompiled user dll's ...
Registered in 0.000835 seconds.
Begin MonoManager ReloadAssembly
Native extension for OSXStandalone target not found
Native extension for WebGL target not found
Refreshing native plugins compatible for Editor in 0.32 ms, found 1 plugins.
Preloading 0 native plugins for Editor in 0.00 ms.
Mono: successfully reloaded assembly
- Completed reload, in  1.864 seconds
Platform modules already initialized, skipping
Refreshing native plugins compatible for Editor in 0.34 ms, found 1 plugins.
Preloading 0 native plugins for Editor in 0.00 ms.
Unloading 1533 Unused Serialized files (Serialized files now loaded: 0)
System memory in use before: 166.9 MB.
System memory in use after: 166.5 MB.

Unloading 8 unused Assets to reduce memory usage. Loaded Objects now: 2043.
Total: 3.308680 ms (FindLiveObjects: 0.282856 ms CreateObjectMapping: 0.113696 ms MarkObjects: 2.198364 ms  DeleteObjects: 0.711817 ms)

========================================================================
Received Prepare
Registering precompiled user dll's ...
Registered in 0.001413 seconds.
Begin MonoManager ReloadAssembly
Native extension for OSXStandalone target not found
Native extension for WebGL target not found
Refreshing native plugins compatible for Editor in 0.66 ms, found 1 plugins.
Preloading 0 native plugins for Editor in 0.00 ms.
Mono: successfully reloaded assembly
- Completed reload, in  4.392 seconds
Platform modules already initialized, skipping
Refreshing native plugins compatible for Editor in 0.61 ms, found 1 plugins.
Preloading 0 native plugins for Editor in 0.00 ms.
Unloading 1533 Unused Serialized files (Serialized files now loaded: 0)
System memory in use before: 167.2 MB.
System memory in use after: 166.8 MB.

Unloading 8 unused Assets to reduce memory usage. Loaded Objects now: 2046.
Total: 18.197550 ms (FindLiveObjects: 0.471007 ms CreateObjectMapping: 0.168948 ms MarkObjects: 13.574890 ms  DeleteObjects: 3.978214 ms)

========================================================================
Received Import Request.
  Time since last request: 1320.937375 seconds.
  path: Assets/Materials/rust-spaceship.mat
  artifactKey: Guid(cab497aa4e8924861ac11d10c3e7273d) Importer(815301076,1909f56bfc062723c751e8b465ee728b)
Start importing Assets/Materials/rust-spaceship.mat using Guid(cab497aa4e8924861ac11d10c3e7273d) Importer(815301076,1909f56bfc062723c751e8b465ee728b)  -> (artifact id: 'df1a794ea42d8cf99cf61f90419c8e94') in 4.302564 seconds
  Import took 4.686155 seconds .

========================================================================
Received Prepare
Registering precompiled user dll's ...
Registered in 0.004376 seconds.
Begin MonoManager ReloadAssembly
Native extension for OSXStandalone target not found
Native extension for WebGL target not found
Refreshing native plugins compatible for Editor in 0.48 ms, found 1 plugins.
Preloading 0 native plugins for Editor in 0.00 ms.
Mono: successfully reloaded assembly
- Completed reload, in  2.314 seconds
Platform modules already initialized, skipping
Refreshing native plugins compatible for Editor in 0.34 ms, found 1 plugins.
Preloading 0 native plugins for Editor in 0.00 ms.
Unloading 1534 Unused Serialized files (Serialized files now loaded: 0)
System memory in use before: 176.0 MB.
System memory in use after: 175.6 MB.

Unloading 8 unused Assets to reduce memory usage. Loaded Objects now: 2090.
Total: 3.468101 ms (FindLiveObjects: 0.282226 ms CreateObjectMapping: 0.057185 ms MarkObjects: 2.476589 ms  DeleteObjects: 0.650260 ms)

========================================================================
Received Import Request.
  Time since last request: 277.719459 seconds.
  path: Assets/F3_Corvette/Prefabs/F3_Green Variant.prefab
  artifactKey: Guid(1b9c9bd520ad54747a98d7222069677a) Importer(815301076,1909f56bfc062723c751e8b465ee728b)
Start importing Assets/F3_Corvette/Prefabs/F3_Green Variant.prefab using Guid(1b9c9bd520ad54747a98d7222069677a) Importer(815301076,1909f56bfc062723c751e8b465ee728b)  -> (artifact id: 'c3e7c6b723ee29bf919c550d8bd9cabf') in 1.702798 seconds
  Import took 1.711328 seconds .

========================================================================
Received Import Request.
  Time since last request: 0.001534 seconds.
  path: Assets/F3_Corvette/Prefabs/F3_Red Variant.prefab
  artifactKey: Guid(481351381d17b144594f0cceef6ef608) Importer(815301076,1909f56bfc062723c751e8b465ee728b)
Start importing Assets/F3_Corvette/Prefabs/F3_Red Variant.prefab using Guid(481351381d17b144594f0cceef6ef608) Importer(815301076,1909f56bfc062723c751e8b465ee728b)  -> (artifact id: 'e51be664e1b38b22f42003d6c3303713') in 0.032170 seconds
  Import took 0.038302 seconds .

========================================================================
Received Import Request.
  Time since last request: 0.000347 seconds.
  path: Assets/F3_Corvette/Prefabs/F3_Grey Variant.prefab
  artifactKey: Guid(f00c8df389af47046baea2d14b531550) Importer(815301076,1909f56bfc062723c751e8b465ee728b)
Start importing Assets/F3_Corvette/Prefabs/F3_Grey Variant.prefab using Guid(f00c8df389af47046baea2d14b531550) Importer(815301076,1909f56bfc062723c751e8b465ee728b)  -> (artifact id: '1e1d410663eb768858fb591148280eb0') in 0.032155 seconds
  Import took 0.039079 seconds .

========================================================================
Received Import Request.
  Time since last request: 0.000307 seconds.
  path: Assets/F3_Corvette/Prefabs/F3_Yellow Variant.prefab
  artifactKey: Guid(4a44e7ddd5d26154cb1e23c0c3a2addb) Importer(815301076,1909f56bfc062723c751e8b465ee728b)
Start importing Assets/F3_Corvette/Prefabs/F3_Yellow Variant.prefab using Guid(4a44e7ddd5d26154cb1e23c0c3a2addb) Importer(815301076,1909f56bfc062723c751e8b465ee728b)  -> (artifact id: '3fe20ecd2ea725948bde69c3b635f7b2') in 0.028145 seconds
  Import took 0.034130 seconds .

========================================================================
Received Import Request.
  Time since last request: 10.543324 seconds.
  path: Assets/F3_Corvette/Textures/F3_AO.tif
  artifactKey: Guid(1c2d94856a0846d46810faf0c4b38c22) Importer(815301076,1909f56bfc062723c751e8b465ee728b)
Start importing Assets/F3_Corvette/Textures/F3_AO.tif using Guid(1c2d94856a0846d46810faf0c4b38c22) Importer(815301076,1909f56bfc062723c751e8b465ee728b)  -> (artifact id: 'fe1375a1b72f2f1775be93c7718cfbb7') in 0.262818 seconds
  Import took 0.267384 seconds .

========================================================================
Received Import Request.
  Time since last request: 0.000315 seconds.
  path: Assets/F3_Corvette/Textures/F3_Yellow.tif
  artifactKey: Guid(a092f2b04513a644aa22f7940351bf93) Importer(815301076,1909f56bfc062723c751e8b465ee728b)
Start importing Assets/F3_Corvette/Textures/F3_Yellow.tif using Guid(a092f2b04513a644aa22f7940351bf93) Importer(815301076,1909f56bfc062723c751e8b465ee728b)  -> (artifact id: '81ae1b436c12cfea5f817bc4d2842fd3') in 0.013884 seconds
  Import took 0.019149 seconds .

========================================================================
Received Import Request.
  Time since last request: 0.000831 seconds.
  path: Assets/F3_Corvette/Textures/F3_roughness.tif
  artifactKey: Guid(e7c748002a5bf3b4bbca642f1617c325) Importer(815301076,1909f56bfc062723c751e8b465ee728b)
Start importing Assets/F3_Corvette/Textures/F3_roughness.tif using Guid(e7c748002a5bf3b4bbca642f1617c325) Importer(815301076,1909f56bfc062723c751e8b465ee728b)  -> (artifact id: 'b2f62c7f47503c9bdb11261841e941cd') in 0.013589 seconds
  Import took 0.018262 seconds .

========================================================================
Received Import Request.
  Time since last request: 0.000232 seconds.
  path: Assets/F3_Corvette/Textures/F3_metallic.tif
  artifactKey: Guid(9727a61ea56c9a844b9eed9b30317414) Importer(815301076,1909f56bfc062723c751e8b465ee728b)
Start importing Assets/F3_Corvette/Textures/F3_metallic.tif using Guid(9727a61ea56c9a844b9eed9b30317414) Importer(815301076,1909f56bfc062723c751e8b465ee728b)  -> (artifact id: 'ef50ab33dac2309e638bb51a92f3d00f') in 0.013127 seconds
  Import took 0.016860 seconds .

========================================================================
Received Import Request.
  Time since last request: 0.000316 seconds.
  path: Assets/F3_Corvette/Textures/F3_glow.tif
  artifactKey: Guid(138840311186e0945877b44cd56ef422) Importer(815301076,1909f56bfc062723c751e8b465ee728b)
Start importing Assets/F3_Corvette/Textures/F3_glow.tif using Guid(138840311186e0945877b44cd56ef422) Importer(815301076,1909f56bfc062723c751e8b465ee728b)  -> (artifact id: '0743a4c52aaa03e297260d6c6b93e625') in 0.010613 seconds
  Import took 0.015444 seconds .

========================================================================
Received Import Request.
  Time since last request: 0.003423 seconds.
  path: Assets/F3_Corvette/Textures/F3_Red.tif
  artifactKey: Guid(0281472901f2b3f42be55669e274d164) Importer(815301076,1909f56bfc062723c751e8b465ee728b)
Start importing Assets/F3_Corvette/Textures/F3_Red.tif using Guid(0281472901f2b3f42be55669e274d164) Importer(815301076,1909f56bfc062723c751e8b465ee728b)  -> (artifact id: '63d547c0edb1ff47341d10c55be678af') in 0.020103 seconds
  Import took 0.028887 seconds .

========================================================================
Received Import Request.
  Time since last request: 0.000919 seconds.
  path: Assets/F3_Corvette/Textures/F3_Grey.tif
  artifactKey: Guid(4c79293b48effba48b7adc038fe38f61) Importer(815301076,1909f56bfc062723c751e8b465ee728b)
Start importing Assets/F3_Corvette/Textures/F3_Grey.tif using Guid(4c79293b48effba48b7adc038fe38f61) Importer(815301076,1909f56bfc062723c751e8b465ee728b)  -> (artifact id: '74fac4de387b89bc4d611cee1698580b') in 0.023792 seconds
  Import took 0.029332 seconds .

========================================================================
Received Import Request.
  Time since last request: 0.002788 seconds.
  path: Assets/F3_Corvette/Textures/F3_Green.tif
  artifactKey: Guid(b3b46c34242010445b60790dee02de1b) Importer(815301076,1909f56bfc062723c751e8b465ee728b)
Start importing Assets/F3_Corvette/Textures/F3_Green.tif using Guid(b3b46c34242010445b60790dee02de1b) Importer(815301076,1909f56bfc062723c751e8b465ee728b)  -> (artifact id: '60e6f0972d0dfab245c40ec1569670e1') in 0.026713 seconds
  Import took 0.045673 seconds .

========================================================================
Received Import Request.
  Time since last request: 0.001114 seconds.
  path: Assets/F3_Corvette/Textures/F3_normal.tif
  artifactKey: Guid(f6c7a92433d238a47a9cf48355a071ff) Importer(815301076,1909f56bfc062723c751e8b465ee728b)
Start importing Assets/F3_Corvette/Textures/F3_normal.tif using Guid(f6c7a92433d238a47a9cf48355a071ff) Importer(815301076,1909f56bfc062723c751e8b465ee728b)  -> (artifact id: '85b95d36eb9f35edfdfcce39e8cea198') in 0.053944 seconds
  Import took 0.075688 seconds .

========================================================================
Received Import Request.
  Time since last request: 0.003591 seconds.
  path: Assets/F3_Corvette/Textures/F3_Grey.tif
  artifactKey: Guid(4c79293b48effba48b7adc038fe38f61) Importer(815301076,1909f56bfc062723c751e8b465ee728b)
Start importing Assets/F3_Corvette/Textures/F3_Grey.tif using Guid(4c79293b48effba48b7adc038fe38f61) Importer(815301076,1909f56bfc062723c751e8b465ee728b)  -> (artifact id: '74fac4de387b89bc4d611cee1698580b') in 0.012679 seconds
  Import took 0.022037 seconds .

