Using pre-set license

 COMMAND LINE ARGUMENTS:
/Applications/Unity/Hub/Editor/2020.3.4f1c1/Unity.app/Contents/MacOS/Unity
-adb2
-batchMode
-noUpm
-name
AssetImportWorker0
-projectPath
/Users/shar/Documents/GitHub/Game-Studio-Lab-Environment-Project-4/Game Enviroment Project4
-logFile
Logs/AssetImportWorker0.log
-srvPort
49500
Successfully changed project path to: /Users/shar/Documents/GitHub/Game-Studio-Lab-Environment-Project-4/Game Enviroment Project4
/Users/shar/Documents/GitHub/Game-Studio-Lab-Environment-Project-4/Game Enviroment Project4
Using Asset Import Pipeline V2.
Refreshing native plugins compatible for Editor in 32.14 ms, found 1 plugins.
Preloading 0 native plugins for Editor in 0.00 ms.
Initialize engine version: 2020.3.4f1c1 (3d27070cb163)
[Subsystems] Discovering subsystems at path /Applications/Unity/Hub/Editor/2020.3.4f1c1/Unity.app/Contents/Resources/UnitySubsystems
[Subsystems] Discovering subsystems at path /Users/shar/Documents/GitHub/Game-Studio-Lab-Environment-Project-4/Game Enviroment Project4/Assets
GfxDevice: creating device client; threaded=0
2021-04-26 22:18:46.559 Unity[21800:1816987] Color LCD preferred device: Intel(R) Iris(TM) Plus Graphics 645 (low power)
2021-04-26 22:18:46.559 Unity[21800:1816987] Metal devices available: 1
2021-04-26 22:18:46.559 Unity[21800:1816987] 0: Intel(R) Iris(TM) Plus Graphics 645 (low power)
2021-04-26 22:18:46.560 Unity[21800:1816987] Using device Intel(R) Iris(TM) Plus Graphics 645 (low power)
Initializing Metal device caps: Intel(R) Iris(TM) Plus Graphics 645
Initialize mono
Mono path[0] = '/Applications/Unity/Hub/Editor/2020.3.4f1c1/Unity.app/Contents/Managed'
Mono path[1] = '/Applications/Unity/Hub/Editor/2020.3.4f1c1/Unity.app/Contents/MonoBleedingEdge/lib/mono/unityjit'
Mono config path = '/Applications/Unity/Hub/Editor/2020.3.4f1c1/Unity.app/Contents/MonoBleedingEdge/etc'
Using monoOptions --debugger-agent=transport=dt_socket,embedding=1,server=y,suspend=n,address=127.0.0.1:56800
Begin MonoManager ReloadAssembly
Registering precompiled unity dll's ...
Register platform support module: /Applications/Unity/Hub/Editor/2020.3.4f1c1/PlaybackEngines/WebGLSupport/UnityEditor.WebGL.Extensions.dll
Register platform support module: /Applications/Unity/Hub/Editor/2020.3.4f1c1/Unity.app/Contents/PlaybackEngines/MacStandaloneSupport/UnityEditor.OSXStandalone.Extensions.dll
Registered in 0.002419 seconds.
Native extension for OSXStandalone target not found
Native extension for WebGL target not found
Refreshing native plugins compatible for Editor in 27.45 ms, found 1 plugins.
Preloading 0 native plugins for Editor in 0.00 ms.
Mono: successfully reloaded assembly
- Completed reload, in  1.687 seconds
Platform modules already initialized, skipping
Registering precompiled user dll's ...
Registered in 0.001248 seconds.
Begin MonoManager ReloadAssembly
Native extension for OSXStandalone target not found
Native extension for WebGL target not found
Refreshing native plugins compatible for Editor in 0.25 ms, found 1 plugins.
Preloading 0 native plugins for Editor in 0.00 ms.
Mono: successfully reloaded assembly
- Completed reload, in  1.355 seconds
Platform modules already initialized, skipping
========================================================================
Worker process is ready to serve import requests
Launching external process: /Applications/Unity/Hub/Editor/2020.3.4f1c1/Unity.app/Contents/Tools/UnityShaderCompiler
Launched and connected shader compiler UnityShaderCompiler after 0.01 seconds
Refreshing native plugins compatible for Editor in 0.24 ms, found 1 plugins.
Preloading 0 native plugins for Editor in 0.00 ms.
Unloading 1123 Unused Serialized files (Serialized files now loaded: 0)
System memory in use before: 109.0 MB.
System memory in use after: 109.0 MB.

Unloading 9 unused Assets to reduce memory usage. Loaded Objects now: 1566.
Total: 2.247649 ms (FindLiveObjects: 0.172054 ms CreateObjectMapping: 0.038974 ms MarkObjects: 1.956574 ms  DeleteObjects: 0.078589 ms)

========================================================================
Received Import Request.
  path: Assets/Scenes
  artifactKey: Guid(953f566f70d6a46808869bb66c4704e5) Importer(815301076,1909f56bfc062723c751e8b465ee728b)
Start importing Assets/Scenes using Guid(953f566f70d6a46808869bb66c4704e5) Importer(815301076,1909f56bfc062723c751e8b465ee728b)  -> (artifact id: '50bac114f018a191e13c411392251a18') in 0.004742 seconds
  Import took 0.006831 seconds .

========================================================================
Received Import Request.
  Time since last request: 0.000207 seconds.
  path: Assets/Scenes/Spaceship Test Scene.unity
  artifactKey: Guid(304be20628a0a4867afb60fc6214b0e5) Importer(815301076,1909f56bfc062723c751e8b465ee728b)
Start importing Assets/Scenes/Spaceship Test Scene.unity using Guid(304be20628a0a4867afb60fc6214b0e5) Importer(815301076,1909f56bfc062723c751e8b465ee728b)  -> (artifact id: 'cc5658b7dea3bc3581f11c269a6a9d31') in 0.009850 seconds
  Import took 0.011880 seconds .

========================================================================
Received Prepare
Registering precompiled user dll's ...
Registered in 0.001699 seconds.
Begin MonoManager ReloadAssembly
Native extension for OSXStandalone target not found
Native extension for WebGL target not found
Refreshing native plugins compatible for Editor in 0.26 ms, found 1 plugins.
Preloading 0 native plugins for Editor in 0.00 ms.
Mono: successfully reloaded assembly
- Completed reload, in  1.435 seconds
Platform modules already initialized, skipping
Refreshing native plugins compatible for Editor in 0.25 ms, found 1 plugins.
Preloading 0 native plugins for Editor in 0.00 ms.
Unloading 1117 Unused Serialized files (Serialized files now loaded: 0)
System memory in use before: 109.0 MB.
System memory in use after: 109.0 MB.

Unloading 4 unused Assets to reduce memory usage. Loaded Objects now: 1569.
Total: 2.830171 ms (FindLiveObjects: 0.893893 ms CreateObjectMapping: 0.053961 ms MarkObjects: 1.855358 ms  DeleteObjects: 0.025316 ms)

========================================================================
Received Import Request.
  Time since last request: 7965.925088 seconds.
  path: Assets/Audio
  artifactKey: Guid(3f37a60a5d68a4fa198d8fb953380ce8) Importer(815301076,1909f56bfc062723c751e8b465ee728b)
Start importing Assets/Audio using Guid(3f37a60a5d68a4fa198d8fb953380ce8) Importer(815301076,1909f56bfc062723c751e8b465ee728b)  -> (artifact id: '22855af492f607a57f888e7cca8bbf37') in 0.141616 seconds
  Import took 0.267120 seconds .

========================================================================
Received Import Request.
  Time since last request: 0.000861 seconds.
  path: Assets/Audio/Title BGM.mp3
  artifactKey: Guid(b55360a5307d24d8b9417b19826e9f24) Importer(815301076,1909f56bfc062723c751e8b465ee728b)
Start importing Assets/Audio/Title BGM.mp3 using Guid(b55360a5307d24d8b9417b19826e9f24) Importer(815301076,1909f56bfc062723c751e8b465ee728b)  -> (artifact id: '0c76ed619078f96b6dca947cca707710') in 1.939828 seconds
  Import took 1.941765 seconds .

========================================================================
Received Prepare
Registering precompiled user dll's ...
Registered in 0.001457 seconds.
Begin MonoManager ReloadAssembly
Native extension for OSXStandalone target not found
Native extension for WebGL target not found
Refreshing native plugins compatible for Editor in 0.23 ms, found 1 plugins.
Preloading 0 native plugins for Editor in 0.00 ms.
Mono: successfully reloaded assembly
- Completed reload, in  1.192 seconds
Platform modules already initialized, skipping
Refreshing native plugins compatible for Editor in 0.22 ms, found 1 plugins.
Preloading 0 native plugins for Editor in 0.00 ms.
Unloading 1117 Unused Serialized files (Serialized files now loaded: 0)
System memory in use before: 117.0 MB.
System memory in use after: 117.1 MB.

Unloading 4 unused Assets to reduce memory usage. Loaded Objects now: 1581.
Total: 1.676129 ms (FindLiveObjects: 0.176388 ms CreateObjectMapping: 0.036280 ms MarkObjects: 1.438302 ms  DeleteObjects: 0.023970 ms)

========================================================================
Received Prepare
Registering precompiled user dll's ...
Registered in 0.003007 seconds.
Begin MonoManager ReloadAssembly
Native extension for OSXStandalone target not found
Native extension for WebGL target not found
Refreshing native plugins compatible for Editor in 0.31 ms, found 1 plugins.
Preloading 0 native plugins for Editor in 0.00 ms.
Mono: successfully reloaded assembly
- Completed reload, in  1.730 seconds
Platform modules already initialized, skipping
Refreshing native plugins compatible for Editor in 0.20 ms, found 1 plugins.
Preloading 0 native plugins for Editor in 0.00 ms.
Unloading 1118 Unused Serialized files (Serialized files now loaded: 0)
System memory in use before: 122.2 MB.
System memory in use after: 122.3 MB.

Unloading 4 unused Assets to reduce memory usage. Loaded Objects now: 1585.
Total: 6.298310 ms (FindLiveObjects: 1.522839 ms CreateObjectMapping: 0.093565 ms MarkObjects: 4.635131 ms  DeleteObjects: 0.045306 ms)

========================================================================
Received Import Request.
  Time since last request: 33190.366474 seconds.
  path: Assets/Prefab/Bullet.prefab
  artifactKey: Guid(b8474a8f329a145a9bac75de9084185a) Importer(815301076,1909f56bfc062723c751e8b465ee728b)
Start importing Assets/Prefab/Bullet.prefab using Guid(b8474a8f329a145a9bac75de9084185a) Importer(815301076,1909f56bfc062723c751e8b465ee728b)  -> (artifact id: 'c9ca2e089403db37c7b20d3cd8d1cce4') in 1.732393 seconds
  Import took 1.792399 seconds .

========================================================================
Received Import Request.
  Time since last request: 0.255074 seconds.
  path: Assets/Materials/color 1.mat
  artifactKey: Guid(89d494f41b36c4a8abe15ac5cf934c36) Importer(815301076,1909f56bfc062723c751e8b465ee728b)
Start importing Assets/Materials/color 1.mat using Guid(89d494f41b36c4a8abe15ac5cf934c36) Importer(815301076,1909f56bfc062723c751e8b465ee728b)  -> (artifact id: 'e636f1c8b348486824f4d9a9ec3c0500') in 0.428263 seconds
  Import took 0.430945 seconds .

========================================================================
Received Import Request.
  Time since last request: 0.000218 seconds.
  path: Assets/Materials/color 2.mat
  artifactKey: Guid(f7ffe1fcc42194cc4bc895d9b0414a78) Importer(815301076,1909f56bfc062723c751e8b465ee728b)
Start importing Assets/Materials/color 2.mat using Guid(f7ffe1fcc42194cc4bc895d9b0414a78) Importer(815301076,1909f56bfc062723c751e8b465ee728b)  -> (artifact id: '8131ec6adf7213bc928d633784dab1e0') in 0.014684 seconds
  Import took 0.016627 seconds .

========================================================================
Received Import Request.
  Time since last request: 0.000252 seconds.
  path: Assets/Materials/Spaceship Test Mat.mat
  artifactKey: Guid(afd2f10ee0e264085a5693e950eef1d4) Importer(815301076,1909f56bfc062723c751e8b465ee728b)
Start importing Assets/Materials/Spaceship Test Mat.mat using Guid(afd2f10ee0e264085a5693e950eef1d4) Importer(815301076,1909f56bfc062723c751e8b465ee728b)  -> (artifact id: 'f515bf6b415e2a3cbb9f6717e8c3ea01') in 0.022291 seconds
  Import took 0.025335 seconds .

